2023-11-25T15:25:14.028080+00:00 info: Application: kernel. Started at: nonode@nohost.
2023-11-25T15:25:14.029494+00:00 info: Application: stdlib. Started at: nonode@nohost.
2023-11-25T15:25:21.779395+00:00 info: [PUSHER PROC] Starting pusher process, awaiting for signal whether to exclude or include next
2023-11-25T15:25:21.780703+00:00 info: [PLC PROC] Starting plc process, awaiting for user exclusion
2023-11-25T15:25:21.781695+00:00 info: [BELT PROC] Start with Candy = nothing
2023-11-25T15:25:21.783038+00:00 info: [BELT PROC] Awaiting for read
2023-11-25T15:25:21.783163+00:00 info: [RFID READER PROC] Starting up, reading Candy
2023-11-25T15:25:21.783561+00:00 info: [BELT PROC] Hello reader! There is no candy on me
2023-11-25T15:25:21.783634+00:00 info: [RFID READER PROC] Candy on belt has nothing flavour
2023-11-25T15:25:21.783852+00:00 info: [BELT PROC] Start with Candy = {candy,lemon}
2023-11-25T15:25:21.784256+00:00 info: [BELT PROC] Awaiting for read
2023-11-25T15:25:21.882938+00:00 info: [PLC PROC] User decided to exclude none. Awaiting for detection
2023-11-25T15:25:21.886328+00:00 info: [RFID READER PROC] Starting up, reading Candy
2023-11-25T15:25:21.886706+00:00 info: [RFID READER PROC] Candy on belt has lemon flavour
2023-11-25T15:25:21.886652+00:00 info: [BELT PROC] Hello reader! There is {candy,lemon} on the belt
2023-11-25T15:25:21.887077+00:00 info: [RFID READER PROC] Sending detection to the plc
2023-11-25T15:25:21.887623+00:00 info: [PLC PROC] Starting plc process, awaiting for user exclusion
2023-11-25T15:25:21.887759+00:00 info: [PUSHER PROC] The next candy will be excluded? false - Awaiting for the next candy
2023-11-25T15:25:21.888347+00:00 info: [PUSHER PROC] Starting pusher process, awaiting for signal whether to exclude or include next
2023-11-25T15:25:21.888392+00:00 warning: [SINK PROC] {accept,{candy,lemon}}
2023-11-25T15:25:21.987903+00:00 info: [BELT PROC] Start with Candy = nothing
2023-11-25T15:25:21.988102+00:00 info: [RFID READER PROC] Starting up, reading Candy
2023-11-25T15:25:21.988396+00:00 info: [BELT PROC] Awaiting for read
2023-11-25T15:25:21.988770+00:00 info: [BELT PROC] Hello reader! There is no candy on me
2023-11-25T15:25:21.988973+00:00 info: [PLC PROC] User decided to exclude none. Awaiting for detection
2023-11-25T15:25:21.989164+00:00 info: [RFID READER PROC] Candy on belt has nothing flavour
2023-11-25T15:25:22.090314+00:00 info: [RFID READER PROC] Starting up, reading Candy
2023-11-25T15:25:22.090308+00:00 info: [BELT PROC] Start with Candy = nothing
2023-11-25T15:25:22.091162+00:00 info: [BELT PROC] Awaiting for read
2023-11-25T15:25:22.091629+00:00 info: [BELT PROC] Hello reader! There is no candy on me
2023-11-25T15:25:22.091671+00:00 info: [RFID READER PROC] Candy on belt has nothing flavour
2023-11-25T15:25:22.192905+00:00 info: [BELT PROC] Start with Candy = nothing
2023-11-25T15:25:22.193140+00:00 info: [RFID READER PROC] Starting up, reading Candy
2023-11-25T15:25:22.193531+00:00 info: [BELT PROC] Awaiting for read
2023-11-25T15:25:22.194026+00:00 info: [BELT PROC] Hello reader! There is no candy on me
2023-11-25T15:25:22.194062+00:00 info: [RFID READER PROC] Candy on belt has nothing flavour
2023-11-25T15:25:22.294823+00:00 info: [RFID READER PROC] Starting up, reading Candy
2023-11-25T15:25:22.294812+00:00 info: [BELT PROC] Start with Candy = nothing
2023-11-25T15:25:22.294986+00:00 info: [BELT PROC] Awaiting for read
2023-11-25T15:25:22.295090+00:00 info: [BELT PROC] Hello reader! There is no candy on me
2023-11-25T15:25:22.295112+00:00 info: [RFID READER PROC] Candy on belt has nothing flavour
2023-11-25T15:25:22.395927+00:00 info: [RFID READER PROC] Starting up, reading Candy
2023-11-25T15:25:22.395924+00:00 info: [BELT PROC] Start with Candy = nothing
2023-11-25T15:25:22.396507+00:00 info: [BELT PROC] Awaiting for read
2023-11-25T15:25:22.396970+00:00 info: [BELT PROC] Hello reader! There is no candy on me
2023-11-25T15:25:22.397186+00:00 info: [RFID READER PROC] Candy on belt has nothing flavour
2023-11-25T15:25:22.497840+00:00 info: [RFID READER PROC] Starting up, reading Candy
2023-11-25T15:25:22.497820+00:00 info: [BELT PROC] Start with Candy = nothing
2023-11-25T15:25:22.498063+00:00 info: [BELT PROC] Awaiting for read
2023-11-25T15:25:22.498221+00:00 info: [BELT PROC] Hello reader! There is no candy on me
2023-11-25T15:25:22.498342+00:00 info: [RFID READER PROC] Candy on belt has nothing flavour
2023-11-25T15:25:22.598951+00:00 info: [BELT PROC] Start with Candy = nothing
2023-11-25T15:25:22.598971+00:00 info: [RFID READER PROC] Starting up, reading Candy
2023-11-25T15:25:22.599454+00:00 info: [BELT PROC] Awaiting for read
2023-11-25T15:25:22.600077+00:00 info: [BELT PROC] Hello reader! There is no candy on me
2023-11-25T15:25:22.600114+00:00 info: [RFID READER PROC] Candy on belt has nothing flavour
2023-11-25T15:25:22.700963+00:00 info: [RFID READER PROC] Starting up, reading Candy
2023-11-25T15:25:22.700962+00:00 info: [BELT PROC] Start with Candy = nothing
2023-11-25T15:25:22.701587+00:00 info: [BELT PROC] Awaiting for read
2023-11-25T15:25:22.701859+00:00 info: [BELT PROC] Hello reader! There is no candy on me
2023-11-25T15:25:22.701927+00:00 info: [RFID READER PROC] Candy on belt has nothing flavour
2023-11-25T15:25:22.781852+00:00 info: [BELT PROC] Start with Candy = {candy,strawberry}
2023-11-25T15:25:22.781983+00:00 info: [BELT PROC] Awaiting for read
2023-11-25T15:25:22.803006+00:00 info: [RFID READER PROC] Starting up, reading Candy
2023-11-25T15:25:22.803146+00:00 info: [BELT PROC] Hello reader! There is {candy,strawberry} on the belt
2023-11-25T15:25:22.803184+00:00 info: [RFID READER PROC] Candy on belt has strawberry flavour
2023-11-25T15:25:22.803329+00:00 info: [RFID READER PROC] Sending detection to the plc
2023-11-25T15:25:22.803446+00:00 info: [PUSHER PROC] The next candy will be excluded? false - Awaiting for the next candy
2023-11-25T15:25:22.803446+00:00 info: [PLC PROC] Starting plc process, awaiting for user exclusion
2023-11-25T15:25:22.803541+00:00 info: [PUSHER PROC] Starting pusher process, awaiting for signal whether to exclude or include next
2023-11-25T15:25:22.803571+00:00 warning: [SINK PROC] {accept,{candy,strawberry}}
2023-11-25T15:25:22.903961+00:00 info: [BELT PROC] Start with Candy = nothing
2023-11-25T15:25:22.904185+00:00 info: [RFID READER PROC] Starting up, reading Candy
2023-11-25T15:25:22.904261+00:00 info: [PLC PROC] User decided to exclude lemon. Awaiting for detection
2023-11-25T15:25:22.904625+00:00 info: [BELT PROC] Awaiting for read
2023-11-25T15:25:22.905478+00:00 info: [BELT PROC] Hello reader! There is no candy on me
2023-11-25T15:25:22.905524+00:00 info: [RFID READER PROC] Candy on belt has nothing flavour
2023-11-25T15:25:23.006852+00:00 info: [BELT PROC] Start with Candy = nothing
2023-11-25T15:25:23.007498+00:00 info: [RFID READER PROC] Starting up, reading Candy
2023-11-25T15:25:23.007398+00:00 info: [BELT PROC] Awaiting for read
2023-11-25T15:25:23.008171+00:00 info: [BELT PROC] Hello reader! There is no candy on me
2023-11-25T15:25:23.008252+00:00 info: [RFID READER PROC] Candy on belt has nothing flavour
2023-11-25T15:25:23.109201+00:00 info: [BELT PROC] Start with Candy = nothing
2023-11-25T15:25:23.109974+00:00 info: [RFID READER PROC] Starting up, reading Candy
2023-11-25T15:25:23.109834+00:00 info: [BELT PROC] Awaiting for read
2023-11-25T15:25:23.110686+00:00 info: [BELT PROC] Hello reader! There is no candy on me
2023-11-25T15:25:23.110902+00:00 info: [RFID READER PROC] Candy on belt has nothing flavour
2023-11-25T15:25:23.212162+00:00 info: [RFID READER PROC] Starting up, reading Candy
2023-11-25T15:25:23.212162+00:00 info: [BELT PROC] Start with Candy = nothing
2023-11-25T15:25:23.212726+00:00 info: [BELT PROC] Awaiting for read
2023-11-25T15:25:23.213249+00:00 info: [BELT PROC] Hello reader! There is no candy on me
2023-11-25T15:25:23.213349+00:00 info: [RFID READER PROC] Candy on belt has nothing flavour
2023-11-25T15:25:23.313958+00:00 info: [BELT PROC] Start with Candy = nothing
2023-11-25T15:25:23.314438+00:00 info: [BELT PROC] Awaiting for read
2023-11-25T15:25:23.314857+00:00 info: [RFID READER PROC] Starting up, reading Candy
2023-11-25T15:25:23.315262+00:00 info: [BELT PROC] Hello reader! There is no candy on me
2023-11-25T15:25:23.315359+00:00 info: [RFID READER PROC] Candy on belt has nothing flavour
2023-11-25T15:25:23.416845+00:00 info: [BELT PROC] Start with Candy = nothing
2023-11-25T15:25:23.417161+00:00 info: [RFID READER PROC] Starting up, reading Candy
2023-11-25T15:25:23.417423+00:00 info: [BELT PROC] Awaiting for read
2023-11-25T15:25:23.417976+00:00 info: [RFID READER PROC] Candy on belt has nothing flavour
2023-11-25T15:25:23.417945+00:00 info: [BELT PROC] Hello reader! There is no candy on me
2023-11-25T15:25:23.518878+00:00 info: [BELT PROC] Start with Candy = nothing
2023-11-25T15:25:23.518893+00:00 info: [RFID READER PROC] Starting up, reading Candy
2023-11-25T15:25:23.519438+00:00 info: [BELT PROC] Awaiting for read
2023-11-25T15:25:23.519891+00:00 info: [BELT PROC] Hello reader! There is no candy on me
2023-11-25T15:25:23.520007+00:00 info: [RFID READER PROC] Candy on belt has nothing flavour
2023-11-25T15:25:23.620879+00:00 info: [BELT PROC] Start with Candy = nothing
2023-11-25T15:25:23.620887+00:00 info: [RFID READER PROC] Starting up, reading Candy
2023-11-25T15:25:23.621378+00:00 info: [BELT PROC] Awaiting for read
2023-11-25T15:25:23.621848+00:00 info: [BELT PROC] Hello reader! There is no candy on me
2023-11-25T15:25:23.622062+00:00 info: [RFID READER PROC] Candy on belt has nothing flavour
2023-11-25T15:25:23.723175+00:00 info: [BELT PROC] Start with Candy = nothing
2023-11-25T15:25:23.723211+00:00 info: [RFID READER PROC] Starting up, reading Candy
2023-11-25T15:25:23.723472+00:00 info: [BELT PROC] Awaiting for read
2023-11-25T15:25:23.723879+00:00 info: [BELT PROC] Hello reader! There is no candy on me
2023-11-25T15:25:23.723972+00:00 info: [RFID READER PROC] Candy on belt has nothing flavour
2023-11-25T15:25:23.782948+00:00 info: [BELT PROC] Start with Candy = {candy,orange}
2023-11-25T15:25:23.783416+00:00 info: [BELT PROC] Awaiting for read
2023-11-25T15:25:23.824908+00:00 info: [RFID READER PROC] Starting up, reading Candy
2023-11-25T15:25:23.825298+00:00 info: [BELT PROC] Hello reader! There is {candy,orange} on the belt
2023-11-25T15:25:23.825455+00:00 info: [RFID READER PROC] Candy on belt has orange flavour
2023-11-25T15:25:23.825714+00:00 info: [RFID READER PROC] Sending detection to the plc
2023-11-25T15:25:23.826014+00:00 info: [PLC PROC] Starting plc process, awaiting for user exclusion
2023-11-25T15:25:23.826036+00:00 info: [PUSHER PROC] The next candy will be excluded? false - Awaiting for the next candy
2023-11-25T15:25:23.826483+00:00 info: [PUSHER PROC] Starting pusher process, awaiting for signal whether to exclude or include next
2023-11-25T15:25:23.826575+00:00 warning: [SINK PROC] {accept,{candy,orange}}
2023-11-25T15:25:23.925913+00:00 info: [BELT PROC] Start with Candy = nothing
2023-11-25T15:25:23.926354+00:00 info: [BELT PROC] Awaiting for read
2023-11-25T15:25:23.926777+00:00 info: [RFID READER PROC] Starting up, reading Candy
2023-11-25T15:25:23.926904+00:00 info: [PLC PROC] User decided to exclude lemon. Awaiting for detection
2023-11-25T15:25:23.927354+00:00 info: [BELT PROC] Hello reader! There is no candy on me
2023-11-25T15:25:23.927477+00:00 info: [RFID READER PROC] Candy on belt has nothing flavour
2023-11-25T15:25:24.030190+00:00 info: [RFID READER PROC] Starting up, reading Candy
2023-11-25T15:25:24.030219+00:00 info: [BELT PROC] Start with Candy = nothing
2023-11-25T15:25:24.030685+00:00 info: [BELT PROC] Awaiting for read
2023-11-25T15:25:24.031018+00:00 info: [BELT PROC] Hello reader! There is no candy on me
2023-11-25T15:25:24.031179+00:00 info: [RFID READER PROC] Candy on belt has nothing flavour
2023-11-25T15:25:24.131986+00:00 info: [BELT PROC] Start with Candy = nothing
2023-11-25T15:25:24.132065+00:00 info: [RFID READER PROC] Starting up, reading Candy
2023-11-25T15:25:24.132571+00:00 info: [BELT PROC] Awaiting for read
2023-11-25T15:25:24.133173+00:00 info: [BELT PROC] Hello reader! There is no candy on me
2023-11-25T15:25:24.133198+00:00 info: [RFID READER PROC] Candy on belt has nothing flavour
2023-11-25T15:25:24.233813+00:00 info: [BELT PROC] Start with Candy = nothing
2023-11-25T15:25:24.234003+00:00 info: [BELT PROC] Awaiting for read
2023-11-25T15:25:24.234899+00:00 info: [RFID READER PROC] Starting up, reading Candy
2023-11-25T15:25:24.235055+00:00 info: [BELT PROC] Hello reader! There is no candy on me
2023-11-25T15:25:24.235065+00:00 info: [RFID READER PROC] Candy on belt has nothing flavour
2023-11-25T15:25:24.335841+00:00 info: [RFID READER PROC] Starting up, reading Candy
2023-11-25T15:25:24.335841+00:00 info: [BELT PROC] Start with Candy = nothing
2023-11-25T15:25:24.336003+00:00 info: [BELT PROC] Awaiting for read
2023-11-25T15:25:24.336094+00:00 info: [BELT PROC] Hello reader! There is no candy on me
2023-11-25T15:25:24.336122+00:00 info: [RFID READER PROC] Candy on belt has nothing flavour
2023-11-25T15:25:24.436833+00:00 info: [RFID READER PROC] Starting up, reading Candy
2023-11-25T15:25:24.436833+00:00 info: [BELT PROC] Start with Candy = nothing
2023-11-25T15:25:24.437031+00:00 info: [BELT PROC] Awaiting for read
2023-11-25T15:25:24.437204+00:00 info: [BELT PROC] Hello reader! There is no candy on me
2023-11-25T15:25:24.437253+00:00 info: [RFID READER PROC] Candy on belt has nothing flavour
2023-11-25T15:25:24.537851+00:00 info: [RFID READER PROC] Starting up, reading Candy
2023-11-25T15:25:24.537851+00:00 info: [BELT PROC] Start with Candy = nothing
2023-11-25T15:25:24.538063+00:00 info: [BELT PROC] Awaiting for read
2023-11-25T15:25:24.538264+00:00 info: [BELT PROC] Hello reader! There is no candy on me
2023-11-25T15:25:24.538315+00:00 info: [RFID READER PROC] Candy on belt has nothing flavour
2023-11-25T15:25:24.638870+00:00 info: [BELT PROC] Start with Candy = nothing
2023-11-25T15:25:24.638870+00:00 info: [RFID READER PROC] Starting up, reading Candy
2023-11-25T15:25:24.639087+00:00 info: [BELT PROC] Awaiting for read
2023-11-25T15:25:24.639254+00:00 info: [BELT PROC] Hello reader! There is no candy on me
2023-11-25T15:25:24.639258+00:00 info: [RFID READER PROC] Candy on belt has nothing flavour
2023-11-25T15:25:24.739869+00:00 info: [RFID READER PROC] Starting up, reading Candy
2023-11-25T15:25:24.739869+00:00 info: [BELT PROC] Start with Candy = nothing
2023-11-25T15:25:24.740073+00:00 info: [BELT PROC] Awaiting for read
2023-11-25T15:25:24.740217+00:00 info: [BELT PROC] Hello reader! There is no candy on me
2023-11-25T15:25:24.740252+00:00 info: [RFID READER PROC] Candy on belt has nothing flavour
2023-11-25T15:25:24.783859+00:00 info: [BELT PROC] Start with Candy = {candy,cherry}
2023-11-25T15:25:24.784055+00:00 info: [BELT PROC] Awaiting for read
2023-11-25T15:25:24.840885+00:00 info: [RFID READER PROC] Starting up, reading Candy
2023-11-25T15:25:24.841211+00:00 info: [BELT PROC] Hello reader! There is {candy,cherry} on the belt
2023-11-25T15:25:24.841313+00:00 info: [RFID READER PROC] Candy on belt has cherry flavour
2023-11-25T15:25:24.841654+00:00 info: [RFID READER PROC] Sending detection to the plc
2023-11-25T15:25:24.841832+00:00 info: [PLC PROC] Starting plc process, awaiting for user exclusion
2023-11-25T15:25:24.841905+00:00 info: [PUSHER PROC] The next candy will be excluded? false - Awaiting for the next candy
2023-11-25T15:25:24.842120+00:00 info: [PUSHER PROC] Starting pusher process, awaiting for signal whether to exclude or include next
2023-11-25T15:25:24.842195+00:00 warning: [SINK PROC] {accept,{candy,cherry}}
2023-11-25T15:25:24.942221+00:00 info: [BELT PROC] Start with Candy = nothing
2023-11-25T15:25:24.942801+00:00 info: [BELT PROC] Awaiting for read
2023-11-25T15:25:24.942838+00:00 info: [PLC PROC] User decided to exclude lemon. Awaiting for detection
2023-11-25T15:25:24.943529+00:00 info: [RFID READER PROC] Starting up, reading Candy
2023-11-25T15:25:24.944250+00:00 info: [BELT PROC] Hello reader! There is no candy on me
2023-11-25T15:25:24.944469+00:00 info: [RFID READER PROC] Candy on belt has nothing flavour
2023-11-25T15:25:25.045848+00:00 info: [RFID READER PROC] Starting up, reading Candy
2023-11-25T15:25:25.046350+00:00 info: [BELT PROC] Start with Candy = nothing
2023-11-25T15:25:25.046676+00:00 info: [BELT PROC] Awaiting for read
2023-11-25T15:25:25.047010+00:00 info: [RFID READER PROC] Candy on belt has nothing flavour
2023-11-25T15:25:25.046933+00:00 info: [BELT PROC] Hello reader! There is no candy on me
2023-11-25T15:25:25.147898+00:00 info: [RFID READER PROC] Starting up, reading Candy
2023-11-25T15:25:25.147886+00:00 info: [BELT PROC] Start with Candy = nothing
2023-11-25T15:25:25.148435+00:00 info: [BELT PROC] Awaiting for read
2023-11-25T15:25:25.148959+00:00 info: [BELT PROC] Hello reader! There is no candy on me
2023-11-25T15:25:25.149032+00:00 info: [RFID READER PROC] Candy on belt has nothing flavour
2023-11-25T15:25:25.249975+00:00 info: [RFID READER PROC] Starting up, reading Candy
2023-11-25T15:25:25.250004+00:00 info: [BELT PROC] Start with Candy = nothing
2023-11-25T15:25:25.250658+00:00 info: [BELT PROC] Awaiting for read
2023-11-25T15:25:25.251001+00:00 info: [BELT PROC] Hello reader! There is no candy on me
2023-11-25T15:25:25.251140+00:00 info: [RFID READER PROC] Candy on belt has nothing flavour
2023-11-25T15:25:25.352032+00:00 info: [BELT PROC] Start with Candy = nothing
2023-11-25T15:25:25.352259+00:00 info: [RFID READER PROC] Starting up, reading Candy
2023-11-25T15:25:25.352702+00:00 info: [BELT PROC] Awaiting for read
2023-11-25T15:25:25.353450+00:00 info: [BELT PROC] Hello reader! There is no candy on me
2023-11-25T15:25:25.353570+00:00 info: [RFID READER PROC] Candy on belt has nothing flavour
2023-11-25T15:25:25.454738+00:00 info: [RFID READER PROC] Starting up, reading Candy
2023-11-25T15:25:25.454800+00:00 info: [BELT PROC] Start with Candy = nothing
2023-11-25T15:25:25.455061+00:00 info: [BELT PROC] Awaiting for read
2023-11-25T15:25:25.455218+00:00 info: [BELT PROC] Hello reader! There is no candy on me
2023-11-25T15:25:25.455268+00:00 info: [RFID READER PROC] Candy on belt has nothing flavour
2023-11-25T15:25:25.555913+00:00 info: [RFID READER PROC] Starting up, reading Candy
2023-11-25T15:25:25.555909+00:00 info: [BELT PROC] Start with Candy = nothing
2023-11-25T15:25:25.556589+00:00 info: [BELT PROC] Awaiting for read
2023-11-25T15:25:25.557031+00:00 info: [RFID READER PROC] Candy on belt has nothing flavour
2023-11-25T15:25:25.557010+00:00 info: [BELT PROC] Hello reader! There is no candy on me
2023-11-25T15:25:25.657944+00:00 info: [BELT PROC] Start with Candy = nothing
2023-11-25T15:25:25.657946+00:00 info: [RFID READER PROC] Starting up, reading Candy
2023-11-25T15:25:25.658400+00:00 info: [BELT PROC] Awaiting for read
2023-11-25T15:25:25.658797+00:00 info: [BELT PROC] Hello reader! There is no candy on me
2023-11-25T15:25:25.658951+00:00 info: [RFID READER PROC] Candy on belt has nothing flavour
2023-11-25T15:25:25.759893+00:00 info: [BELT PROC] Start with Candy = nothing
2023-11-25T15:25:25.759893+00:00 info: [RFID READER PROC] Starting up, reading Candy
2023-11-25T15:25:25.760464+00:00 info: [BELT PROC] Awaiting for read
2023-11-25T15:25:25.760881+00:00 info: [BELT PROC] Hello reader! There is no candy on me
2023-11-25T15:25:25.761066+00:00 info: [RFID READER PROC] Candy on belt has nothing flavour
2023-11-25T15:25:25.784950+00:00 info: [BELT PROC] Start with Candy = {candy,mou}
2023-11-25T15:25:25.785406+00:00 info: [BELT PROC] Awaiting for read
2023-11-25T15:25:25.861962+00:00 info: [RFID READER PROC] Starting up, reading Candy
2023-11-25T15:25:25.862127+00:00 info: [BELT PROC] Hello reader! There is {candy,mou} on the belt
2023-11-25T15:25:25.862197+00:00 info: [RFID READER PROC] Candy on belt has mou flavour
2023-11-25T15:25:25.862382+00:00 info: [RFID READER PROC] Sending detection to the plc
2023-11-25T15:25:25.862472+00:00 info: [PLC PROC] Starting plc process, awaiting for user exclusion
2023-11-25T15:25:25.862503+00:00 info: [PUSHER PROC] The next candy will be excluded? false - Awaiting for the next candy
2023-11-25T15:25:25.862624+00:00 info: [PUSHER PROC] Starting pusher process, awaiting for signal whether to exclude or include next
2023-11-25T15:25:25.862664+00:00 warning: [SINK PROC] {accept,{candy,mou}}
2023-11-25T15:25:25.963228+00:00 info: [PLC PROC] User decided to exclude lemon. Awaiting for detection
2023-11-25T15:25:25.963227+00:00 info: [BELT PROC] Start with Candy = nothing
2023-11-25T15:25:25.963592+00:00 info: [RFID READER PROC] Starting up, reading Candy
2023-11-25T15:25:25.964021+00:00 info: [BELT PROC] Awaiting for read
2023-11-25T15:25:25.964622+00:00 info: [BELT PROC] Hello reader! There is no candy on me
2023-11-25T15:25:25.964806+00:00 info: [RFID READER PROC] Candy on belt has nothing flavour
2023-11-25T15:25:26.065987+00:00 info: [RFID READER PROC] Starting up, reading Candy
2023-11-25T15:25:26.065962+00:00 info: [BELT PROC] Start with Candy = nothing
2023-11-25T15:25:26.066435+00:00 info: [BELT PROC] Awaiting for read
2023-11-25T15:25:26.066868+00:00 info: [BELT PROC] Hello reader! There is no candy on me
2023-11-25T15:25:26.066932+00:00 info: [RFID READER PROC] Candy on belt has nothing flavour
2023-11-25T15:25:26.167977+00:00 info: [BELT PROC] Start with Candy = nothing
2023-11-25T15:25:26.168059+00:00 info: [RFID READER PROC] Starting up, reading Candy
2023-11-25T15:25:26.168453+00:00 info: [BELT PROC] Awaiting for read
2023-11-25T15:25:26.168814+00:00 info: [BELT PROC] Hello reader! There is no candy on me
2023-11-25T15:25:26.169098+00:00 info: [RFID READER PROC] Candy on belt has nothing flavour
2023-11-25T15:25:26.270197+00:00 info: [RFID READER PROC] Starting up, reading Candy
2023-11-25T15:25:26.270197+00:00 info: [BELT PROC] Start with Candy = nothing
2023-11-25T15:25:26.270422+00:00 info: [BELT PROC] Awaiting for read
2023-11-25T15:25:26.270528+00:00 info: [BELT PROC] Hello reader! There is no candy on me
2023-11-25T15:25:26.270571+00:00 info: [RFID READER PROC] Candy on belt has nothing flavour
2023-11-25T15:25:26.370992+00:00 info: [RFID READER PROC] Starting up, reading Candy
2023-11-25T15:25:26.370995+00:00 info: [BELT PROC] Start with Candy = nothing
2023-11-25T15:25:26.371574+00:00 info: [BELT PROC] Awaiting for read
2023-11-25T15:25:26.371972+00:00 info: [BELT PROC] Hello reader! There is no candy on me
2023-11-25T15:25:26.372040+00:00 info: [RFID READER PROC] Candy on belt has nothing flavour
2023-11-25T15:25:26.473201+00:00 info: [BELT PROC] Start with Candy = nothing
2023-11-25T15:25:26.473788+00:00 info: [BELT PROC] Awaiting for read
2023-11-25T15:25:26.473753+00:00 info: [RFID READER PROC] Starting up, reading Candy
2023-11-25T15:25:26.474311+00:00 info: [BELT PROC] Hello reader! There is no candy on me
2023-11-25T15:25:26.474346+00:00 info: [RFID READER PROC] Candy on belt has nothing flavour
2023-11-25T15:25:26.574959+00:00 info: [BELT PROC] Start with Candy = nothing
2023-11-25T15:25:26.575393+00:00 info: [BELT PROC] Awaiting for read
2023-11-25T15:25:26.575801+00:00 info: [RFID READER PROC] Starting up, reading Candy
2023-11-25T15:25:26.576109+00:00 info: [BELT PROC] Hello reader! There is no candy on me
2023-11-25T15:25:26.576221+00:00 info: [RFID READER PROC] Candy on belt has nothing flavour
2023-11-25T15:25:26.676843+00:00 info: [RFID READER PROC] Starting up, reading Candy
2023-11-25T15:25:26.676841+00:00 info: [BELT PROC] Start with Candy = nothing
2023-11-25T15:25:26.677217+00:00 info: [BELT PROC] Awaiting for read
2023-11-25T15:25:26.677483+00:00 info: [BELT PROC] Hello reader! There is no candy on me
2023-11-25T15:25:26.677642+00:00 info: [RFID READER PROC] Candy on belt has nothing flavour
2023-11-25T15:25:26.778911+00:00 info: [BELT PROC] Start with Candy = nothing
2023-11-25T15:25:26.779199+00:00 info: [RFID READER PROC] Starting up, reading Candy
2023-11-25T15:25:26.779413+00:00 info: [BELT PROC] Awaiting for read
2023-11-25T15:25:26.779712+00:00 info: [BELT PROC] Hello reader! There is no candy on me
2023-11-25T15:25:26.779840+00:00 info: [RFID READER PROC] Candy on belt has nothing flavour
2023-11-25T15:25:26.785847+00:00 info: [BELT PROC] Start with Candy = {candy,orange}
2023-11-25T15:25:26.786283+00:00 info: [BELT PROC] Awaiting for read
2023-11-25T15:25:26.880865+00:00 info: [RFID READER PROC] Starting up, reading Candy
2023-11-25T15:25:26.881353+00:00 info: [BELT PROC] Hello reader! There is {candy,orange} on the belt
2023-11-25T15:25:26.881486+00:00 info: [RFID READER PROC] Candy on belt has orange flavour
2023-11-25T15:25:26.881858+00:00 info: [RFID READER PROC] Sending detection to the plc
2023-11-25T15:25:26.882135+00:00 info: [PLC PROC] Starting plc process, awaiting for user exclusion
2023-11-25T15:25:26.882351+00:00 info: [PUSHER PROC] The next candy will be excluded? false - Awaiting for the next candy
2023-11-25T15:25:26.882819+00:00 info: [PUSHER PROC] Starting pusher process, awaiting for signal whether to exclude or include next
2023-11-25T15:25:26.882852+00:00 warning: [SINK PROC] {accept,{candy,orange}}
2023-11-25T15:25:26.982906+00:00 info: [BELT PROC] Start with Candy = nothing
2023-11-25T15:25:26.983366+00:00 info: [BELT PROC] Awaiting for read
2023-11-25T15:25:26.983302+00:00 info: [RFID READER PROC] Starting up, reading Candy
2023-11-25T15:25:26.983453+00:00 info: [PLC PROC] User decided to exclude lemon. Awaiting for detection
2023-11-25T15:25:26.984059+00:00 info: [BELT PROC] Hello reader! There is no candy on me
2023-11-25T15:25:26.984203+00:00 info: [RFID READER PROC] Candy on belt has nothing flavour
2023-11-25T15:25:27.084992+00:00 info: [BELT PROC] Start with Candy = nothing
2023-11-25T15:25:27.084988+00:00 info: [RFID READER PROC] Starting up, reading Candy
2023-11-25T15:25:27.085533+00:00 info: [BELT PROC] Awaiting for read
2023-11-25T15:25:27.086091+00:00 info: [BELT PROC] Hello reader! There is no candy on me
2023-11-25T15:25:27.086300+00:00 info: [RFID READER PROC] Candy on belt has nothing flavour
2023-11-25T15:25:27.187013+00:00 info: [BELT PROC] Start with Candy = nothing
2023-11-25T15:25:27.187507+00:00 info: [BELT PROC] Awaiting for read
2023-11-25T15:25:27.187843+00:00 info: [RFID READER PROC] Starting up, reading Candy
2023-11-25T15:25:27.188431+00:00 info: [BELT PROC] Hello reader! There is no candy on me
2023-11-25T15:25:27.188657+00:00 info: [RFID READER PROC] Candy on belt has nothing flavour
2023-11-25T15:25:27.288903+00:00 info: [BELT PROC] Start with Candy = nothing
2023-11-25T15:25:27.289380+00:00 info: [BELT PROC] Awaiting for read
2023-11-25T15:25:27.289919+00:00 info: [RFID READER PROC] Starting up, reading Candy
2023-11-25T15:25:27.290325+00:00 info: [BELT PROC] Hello reader! There is no candy on me
2023-11-25T15:25:27.290506+00:00 info: [RFID READER PROC] Candy on belt has nothing flavour
2023-11-25T15:25:27.391083+00:00 info: [BELT PROC] Start with Candy = nothing
2023-11-25T15:25:27.391708+00:00 info: [BELT PROC] Awaiting for read
2023-11-25T15:25:27.392036+00:00 info: [RFID READER PROC] Starting up, reading Candy
2023-11-25T15:25:27.392608+00:00 info: [RFID READER PROC] Candy on belt has nothing flavour
2023-11-25T15:25:27.392584+00:00 info: [BELT PROC] Hello reader! There is no candy on me
2023-11-25T15:25:27.493909+00:00 info: [BELT PROC] Start with Candy = nothing
2023-11-25T15:25:27.494436+00:00 info: [BELT PROC] Awaiting for read
2023-11-25T15:25:27.494531+00:00 info: [RFID READER PROC] Starting up, reading Candy
2023-11-25T15:25:27.495174+00:00 info: [BELT PROC] Hello reader! There is no candy on me
2023-11-25T15:25:27.495300+00:00 info: [RFID READER PROC] Candy on belt has nothing flavour
2023-11-25T15:25:27.596198+00:00 info: [RFID READER PROC] Starting up, reading Candy
2023-11-25T15:25:27.596195+00:00 info: [BELT PROC] Start with Candy = nothing
2023-11-25T15:25:27.596822+00:00 info: [BELT PROC] Awaiting for read
2023-11-25T15:25:27.597233+00:00 info: [BELT PROC] Hello reader! There is no candy on me
2023-11-25T15:25:27.597262+00:00 info: [RFID READER PROC] Candy on belt has nothing flavour
2023-11-25T15:25:27.697812+00:00 info: [BELT PROC] Start with Candy = nothing
2023-11-25T15:25:27.698006+00:00 info: [BELT PROC] Awaiting for read
2023-11-25T15:25:27.699246+00:00 info: [RFID READER PROC] Starting up, reading Candy
2023-11-25T15:25:27.699440+00:00 info: [BELT PROC] Hello reader! There is no candy on me
2023-11-25T15:25:27.699472+00:00 info: [RFID READER PROC] Candy on belt has nothing flavour
2023-11-25T15:25:27.786974+00:00 info: [BELT PROC] Start with Candy = {candy,cherry}
2023-11-25T15:25:27.787443+00:00 info: [BELT PROC] Awaiting for read
2023-11-25T15:25:27.799915+00:00 info: [RFID READER PROC] Starting up, reading Candy
2023-11-25T15:25:27.800473+00:00 info: [RFID READER PROC] Candy on belt has cherry flavour
2023-11-25T15:25:27.800423+00:00 info: [BELT PROC] Hello reader! There is {candy,cherry} on the belt
2023-11-25T15:25:27.800812+00:00 info: [RFID READER PROC] Sending detection to the plc
2023-11-25T15:25:27.801386+00:00 info: [PLC PROC] Starting plc process, awaiting for user exclusion
2023-11-25T15:25:27.801449+00:00 info: [PUSHER PROC] The next candy will be excluded? false - Awaiting for the next candy
2023-11-25T15:25:27.801990+00:00 info: [PUSHER PROC] Starting pusher process, awaiting for signal whether to exclude or include next
2023-11-25T15:25:27.802111+00:00 warning: [SINK PROC] {accept,{candy,cherry}}
2023-11-25T15:25:27.903251+00:00 info: [BELT PROC] Start with Candy = nothing
2023-11-25T15:25:27.903483+00:00 info: [RFID READER PROC] Starting up, reading Candy
2023-11-25T15:25:27.903550+00:00 info: [PLC PROC] User decided to exclude lemon. Awaiting for detection
2023-11-25T15:25:27.903931+00:00 info: [BELT PROC] Awaiting for read
2023-11-25T15:25:27.905149+00:00 info: [BELT PROC] Hello reader! There is no candy on me
2023-11-25T15:25:27.905198+00:00 info: [RFID READER PROC] Candy on belt has nothing flavour
2023-11-25T15:25:28.006244+00:00 info: [RFID READER PROC] Starting up, reading Candy
2023-11-25T15:25:28.006201+00:00 info: [BELT PROC] Start with Candy = nothing
2023-11-25T15:25:28.006900+00:00 info: [BELT PROC] Awaiting for read
2023-11-25T15:25:28.007285+00:00 info: [BELT PROC] Hello reader! There is no candy on me
2023-11-25T15:25:28.007364+00:00 info: [RFID READER PROC] Candy on belt has nothing flavour
2023-11-25T15:25:28.107935+00:00 info: [BELT PROC] Start with Candy = nothing
2023-11-25T15:25:28.108094+00:00 info: [BELT PROC] Awaiting for read
2023-11-25T15:25:28.108741+00:00 info: [RFID READER PROC] Starting up, reading Candy
2023-11-25T15:25:28.108869+00:00 info: [BELT PROC] Hello reader! There is no candy on me
2023-11-25T15:25:28.108883+00:00 info: [RFID READER PROC] Candy on belt has nothing flavour
2023-11-25T15:25:28.210213+00:00 info: [BELT PROC] Start with Candy = nothing
2023-11-25T15:25:28.210213+00:00 info: [RFID READER PROC] Starting up, reading Candy
2023-11-25T15:25:28.210914+00:00 info: [BELT PROC] Awaiting for read
2023-11-25T15:25:28.211418+00:00 info: [BELT PROC] Hello reader! There is no candy on me
2023-11-25T15:25:28.211435+00:00 info: [RFID READER PROC] Candy on belt has nothing flavour
2023-11-25T15:25:28.312881+00:00 info: [BELT PROC] Start with Candy = nothing
2023-11-25T15:25:28.313318+00:00 info: [RFID READER PROC] Starting up, reading Candy
2023-11-25T15:25:28.313433+00:00 info: [BELT PROC] Awaiting for read
2023-11-25T15:25:28.313756+00:00 info: [BELT PROC] Hello reader! There is no candy on me
2023-11-25T15:25:28.313779+00:00 info: [RFID READER PROC] Candy on belt has nothing flavour
2023-11-25T15:25:28.414962+00:00 info: [BELT PROC] Start with Candy = nothing
2023-11-25T15:25:28.414982+00:00 info: [RFID READER PROC] Starting up, reading Candy
2023-11-25T15:25:28.415184+00:00 info: [BELT PROC] Awaiting for read
2023-11-25T15:25:28.415340+00:00 info: [BELT PROC] Hello reader! There is no candy on me
2023-11-25T15:25:28.415367+00:00 info: [RFID READER PROC] Candy on belt has nothing flavour
2023-11-25T15:25:28.515812+00:00 info: [RFID READER PROC] Starting up, reading Candy
2023-11-25T15:25:28.515770+00:00 info: [BELT PROC] Start with Candy = nothing
2023-11-25T15:25:28.515988+00:00 info: [BELT PROC] Awaiting for read
2023-11-25T15:25:28.516126+00:00 info: [BELT PROC] Hello reader! There is no candy on me
2023-11-25T15:25:28.516219+00:00 info: [RFID READER PROC] Candy on belt has nothing flavour
2023-11-25T15:25:28.616982+00:00 info: [RFID READER PROC] Starting up, reading Candy
2023-11-25T15:25:28.616982+00:00 info: [BELT PROC] Start with Candy = nothing
2023-11-25T15:25:28.617479+00:00 info: [BELT PROC] Awaiting for read
2023-11-25T15:25:28.617835+00:00 info: [BELT PROC] Hello reader! There is no candy on me
2023-11-25T15:25:28.618068+00:00 info: [RFID READER PROC] Candy on belt has nothing flavour
2023-11-25T15:25:28.719214+00:00 info: [RFID READER PROC] Starting up, reading Candy
2023-11-25T15:25:28.719158+00:00 info: [BELT PROC] Start with Candy = nothing
2023-11-25T15:25:28.719810+00:00 info: [BELT PROC] Awaiting for read
2023-11-25T15:25:28.720201+00:00 info: [BELT PROC] Hello reader! There is no candy on me
2023-11-25T15:25:28.720306+00:00 info: [RFID READER PROC] Candy on belt has nothing flavour
2023-11-25T15:25:28.790154+00:00 info: [BELT PROC] Start with Candy = {candy,mou}
2023-11-25T15:25:28.790398+00:00 info: [BELT PROC] Awaiting for read
2023-11-25T15:25:28.821795+00:00 info: [RFID READER PROC] Starting up, reading Candy
2023-11-25T15:25:28.821995+00:00 info: [RFID READER PROC] Candy on belt has mou flavour
2023-11-25T15:25:28.822086+00:00 info: [RFID READER PROC] Sending detection to the plc
2023-11-25T15:25:28.821985+00:00 info: [BELT PROC] Hello reader! There is {candy,mou} on the belt
2023-11-25T15:25:28.822201+00:00 info: [PLC PROC] Starting plc process, awaiting for user exclusion
2023-11-25T15:25:28.822206+00:00 info: [PUSHER PROC] The next candy will be excluded? false - Awaiting for the next candy
2023-11-25T15:25:28.822426+00:00 info: [PUSHER PROC] Starting pusher process, awaiting for signal whether to exclude or include next
2023-11-25T15:25:28.822464+00:00 warning: [SINK PROC] {accept,{candy,mou}}
2023-11-25T15:25:28.922954+00:00 info: [BELT PROC] Start with Candy = nothing
2023-11-25T15:25:28.922961+00:00 info: [RFID READER PROC] Starting up, reading Candy
2023-11-25T15:25:28.923164+00:00 info: [PLC PROC] User decided to exclude lemon. Awaiting for detection
2023-11-25T15:25:28.923511+00:00 info: [BELT PROC] Awaiting for read
2023-11-25T15:25:28.923996+00:00 info: [BELT PROC] Hello reader! There is no candy on me
2023-11-25T15:25:28.924037+00:00 info: [RFID READER PROC] Candy on belt has nothing flavour
2023-11-25T15:25:29.024920+00:00 info: [RFID READER PROC] Starting up, reading Candy
2023-11-25T15:25:29.024919+00:00 info: [BELT PROC] Start with Candy = nothing
2023-11-25T15:25:29.025517+00:00 info: [BELT PROC] Awaiting for read
2023-11-25T15:25:29.025874+00:00 info: [BELT PROC] Hello reader! There is no candy on me
2023-11-25T15:25:29.025937+00:00 info: [RFID READER PROC] Candy on belt has nothing flavour
2023-11-25T15:25:29.126801+00:00 info: [RFID READER PROC] Starting up, reading Candy
2023-11-25T15:25:29.126801+00:00 info: [BELT PROC] Start with Candy = nothing
2023-11-25T15:25:29.127034+00:00 info: [BELT PROC] Awaiting for read
2023-11-25T15:25:29.127161+00:00 info: [BELT PROC] Hello reader! There is no candy on me
2023-11-25T15:25:29.127195+00:00 info: [RFID READER PROC] Candy on belt has nothing flavour
2023-11-25T15:25:29.227878+00:00 info: [BELT PROC] Start with Candy = nothing
2023-11-25T15:25:29.227918+00:00 info: [RFID READER PROC] Starting up, reading Candy
2023-11-25T15:25:29.228219+00:00 info: [BELT PROC] Awaiting for read
2023-11-25T15:25:29.228493+00:00 info: [BELT PROC] Hello reader! There is no candy on me
2023-11-25T15:25:29.228519+00:00 info: [RFID READER PROC] Candy on belt has nothing flavour
2023-11-25T15:25:29.328913+00:00 info: [BELT PROC] Start with Candy = nothing
2023-11-25T15:25:29.329390+00:00 info: [BELT PROC] Awaiting for read
2023-11-25T15:25:29.329754+00:00 info: [RFID READER PROC] Starting up, reading Candy
2023-11-25T15:25:29.330145+00:00 info: [RFID READER PROC] Candy on belt has nothing flavour
2023-11-25T15:25:29.330131+00:00 info: [BELT PROC] Hello reader! There is no candy on me
2023-11-25T15:25:29.430927+00:00 info: [BELT PROC] Start with Candy = nothing
2023-11-25T15:25:29.430896+00:00 info: [RFID READER PROC] Starting up, reading Candy
2023-11-25T15:25:29.431137+00:00 info: [BELT PROC] Awaiting for read
2023-11-25T15:25:29.431341+00:00 info: [RFID READER PROC] Candy on belt has nothing flavour
2023-11-25T15:25:29.431329+00:00 info: [BELT PROC] Hello reader! There is no candy on me
2023-11-25T15:25:29.531913+00:00 info: [RFID READER PROC] Starting up, reading Candy
2023-11-25T15:25:29.531913+00:00 info: [BELT PROC] Start with Candy = nothing
2023-11-25T15:25:29.532586+00:00 info: [BELT PROC] Awaiting for read
2023-11-25T15:25:29.533085+00:00 info: [BELT PROC] Hello reader! There is no candy on me
2023-11-25T15:25:29.533233+00:00 info: [RFID READER PROC] Candy on belt has nothing flavour
2023-11-25T15:25:29.633803+00:00 info: [BELT PROC] Start with Candy = nothing
2023-11-25T15:25:29.633980+00:00 info: [BELT PROC] Awaiting for read
2023-11-25T15:25:29.635071+00:00 info: [RFID READER PROC] Starting up, reading Candy
2023-11-25T15:25:29.635203+00:00 info: [BELT PROC] Hello reader! There is no candy on me
2023-11-25T15:25:29.635240+00:00 info: [RFID READER PROC] Candy on belt has nothing flavour
2023-11-25T15:25:29.735827+00:00 info: [RFID READER PROC] Starting up, reading Candy
2023-11-25T15:25:29.735842+00:00 info: [BELT PROC] Start with Candy = nothing
2023-11-25T15:25:29.736002+00:00 info: [BELT PROC] Awaiting for read
2023-11-25T15:25:29.736096+00:00 info: [BELT PROC] Hello reader! There is no candy on me
2023-11-25T15:25:29.736124+00:00 info: [RFID READER PROC] Candy on belt has nothing flavour
2023-11-25T15:25:29.836808+00:00 info: [RFID READER PROC] Starting up, reading Candy
2023-11-25T15:25:29.836808+00:00 info: [BELT PROC] Start with Candy = nothing
2023-11-25T15:25:29.837003+00:00 info: [BELT PROC] Awaiting for read
2023-11-25T15:25:29.837125+00:00 info: [BELT PROC] Hello reader! There is no candy on me
2023-11-25T15:25:29.837176+00:00 info: [RFID READER PROC] Candy on belt has nothing flavour
